<?xml version="1.0" encoding="UTF-8"?>
<!-- Generated by org.testng.reporters.JUnitXMLReporter -->
<testsuite hostname="DESKTOP-CC5N3HN" ignored="0" name="Default test" tests="6" failures="0" timestamp="2020-06-17T12:12:41 IST" time="56.76" errors="0">
  <testcase name="linkOnThepage" time="24.567" classname="com.orgpic.testCases.TestCases"/>
  <testcase name="clickOnAccount" time="9.471" classname="com.orgpic.testCases.TestCases"/>
  <testcase name="clickSignupButton" time="10.32" classname="com.orgpic.testCases.TestCases"/>
  <testcase name="signIn" time="3.228" classname="com.orgpic.testCases.TestCases"/>
  <testcase name="search" time="0.618" classname="com.orgpic.testCases.TestCases"/>
  <testcase name="selectProduct" time="8.466" classname="com.orgpic.testCases.TestCases"/>
</testsuite> <!-- Default test -->
