<?xml version="1.0" encoding="UTF-8"?>
<testng-results skipped="0" failed="0" ignored="0" total="6" passed="6">
  <reporter-output>
  </reporter-output>
  <suite name="Default suite" duration-ms="56760" started-at="2020-06-17T12:11:44 IST" finished-at="2020-06-17T12:12:41 IST">
    <groups>
    </groups>
    <test name="Default test" duration-ms="56760" started-at="2020-06-17T12:11:44 IST" finished-at="2020-06-17T12:12:41 IST">
      <class name="com.orgpic.testCases.TestCases">
        <test-method status="PASS" signature="setUp()[pri:0, instance:com.orgpic.testCases.TestCases@4f063c0a]" name="setUp" is-config="true" duration-ms="44399" started-at="2020-06-17T12:10:59 IST" finished-at="2020-06-17T12:11:44 IST">
          <reporter-output>
          </reporter-output>
        </test-method> <!-- setUp -->
        <test-method status="PASS" signature="linkOnThepage()[pri:0, instance:com.orgpic.testCases.TestCases@4f063c0a]" name="linkOnThepage" duration-ms="24567" started-at="2020-06-17T12:11:44 IST" finished-at="2020-06-17T12:12:08 IST">
          <reporter-output>
          </reporter-output>
        </test-method> <!-- linkOnThepage -->
        <test-method status="PASS" signature="clickOnAccount()[pri:1, instance:com.orgpic.testCases.TestCases@4f063c0a]" name="clickOnAccount" duration-ms="9471" started-at="2020-06-17T12:12:08 IST" finished-at="2020-06-17T12:12:18 IST">
          <reporter-output>
          </reporter-output>
        </test-method> <!-- clickOnAccount -->
        <test-method status="PASS" signature="clickSignupButton()[pri:2, instance:com.orgpic.testCases.TestCases@4f063c0a]" name="clickSignupButton" duration-ms="10320" started-at="2020-06-17T12:12:18 IST" finished-at="2020-06-17T12:12:28 IST">
          <reporter-output>
          </reporter-output>
        </test-method> <!-- clickSignupButton -->
        <test-method status="PASS" signature="signIn()[pri:3, instance:com.orgpic.testCases.TestCases@4f063c0a]" name="signIn" duration-ms="3228" started-at="2020-06-17T12:12:28 IST" finished-at="2020-06-17T12:12:31 IST">
          <reporter-output>
          </reporter-output>
        </test-method> <!-- signIn -->
        <test-method status="PASS" signature="search()[pri:4, instance:com.orgpic.testCases.TestCases@4f063c0a]" name="search" duration-ms="618" started-at="2020-06-17T12:12:31 IST" finished-at="2020-06-17T12:12:32 IST">
          <reporter-output>
          </reporter-output>
        </test-method> <!-- search -->
        <test-method status="PASS" signature="selectProduct()[pri:5, instance:com.orgpic.testCases.TestCases@4f063c0a]" name="selectProduct" duration-ms="8466" started-at="2020-06-17T12:12:32 IST" finished-at="2020-06-17T12:12:41 IST">
          <reporter-output>
          </reporter-output>
        </test-method> <!-- selectProduct -->
        <test-method status="PASS" signature="tearDown()[pri:0, instance:com.orgpic.testCases.TestCases@4f063c0a]" name="tearDown" is-config="true" duration-ms="1241" started-at="2020-06-17T12:12:41 IST" finished-at="2020-06-17T12:12:42 IST">
          <reporter-output>
          </reporter-output>
        </test-method> <!-- tearDown -->
      </class> <!-- com.orgpic.testCases.TestCases -->
    </test> <!-- Default test -->
  </suite> <!-- Default suite -->
</testng-results>
